{"target": -3.8540423116243687, "params": {"x": -1.0686989431116456, "y": -0.9266356377417138}, "datetime": {"datetime": "2024-01-28 10:01:05", "elapsed": 133.234788, "delta": 133.234788}}
{"target": -3.8540423116243687, "params": {"x": -1.0686989431116456, "y": -0.9266356377417138}, "datetime": {"datetime": "2024-01-28 10:01:05", "elapsed": 0.0, "delta": 0.0}}
{"target": 0.4112969792763035, "params": {"x": -0.016162628846650318, "y": 0.23290040402014167}, "datetime": {"datetime": "2024-01-28 10:01:05", "elapsed": 133.235756, "delta": 0.000968}}
{"target": 0.4112969792763035, "params": {"x": -0.016162628846650318, "y": 0.23290040402014167}, "datetime": {"datetime": "2024-01-28 10:01:05", "elapsed": 0.000641, "delta": 0.000641}}
{"target": 0.9783977904015498, "params": {"x": 0.09597257201647391, "y": 1.1113170023805568}, "datetime": {"datetime": "2024-01-28 10:01:05", "elapsed": 133.236082, "delta": 0.000326}}
{"target": 0.9783977904015498, "params": {"x": 0.09597257201647391, "y": 1.1113170023805568}, "datetime": {"datetime": "2024-01-28 10:01:05", "elapsed": 0.000855, "delta": 0.000214}}
{"target": -3.7148361607545954, "params": {"x": 0.8454798405370735, "y": 3.0}, "datetime": {"datetime": "2024-01-28 10:01:05", "elapsed": 133.372258, "delta": 0.136176}}
{"target": -3.7148361607545954, "params": {"x": 0.8454798405370735, "y": 3.0}, "datetime": {"datetime": "2024-01-28 10:01:05", "elapsed": 0.137311, "delta": 0.136456}}
{"target": 0.9097155163174722, "params": {"x": -0.19193656694035302, "y": 0.7688186037898395}, "datetime": {"datetime": "2024-01-28 10:01:05", "elapsed": 133.531636, "delta": 0.159378}}
{"target": 0.9097155163174722, "params": {"x": -0.19193656694035302, "y": 0.7688186037898395}, "datetime": {"datetime": "2024-01-28 10:01:05", "elapsed": 0.302692, "delta": 0.165381}}
{"target": 0.7607967003185567, "params": {"x": -0.1960780129421033, "y": 1.448058827077561}, "datetime": {"datetime": "2024-01-28 10:01:05", "elapsed": 133.59588, "delta": 0.064244}}
{"target": 0.7607967003185567, "params": {"x": -0.1960780129421033, "y": 1.448058827077561}, "datetime": {"datetime": "2024-01-28 10:01:05", "elapsed": 0.360774, "delta": 0.058082}}
